<?xml version="1.0" encoding="UTF-8"?>
<!-- Generated by org.testng.reporters.JUnitReportReporter -->
<testsuite skipped="0" hostname="MacBook-Pro-de-mOi.local" name="com.tests.GSCLOG3705" tests="1" failures="0" timestamp="22 Mar 2021 16:08:15 GMT" time="13.116" errors="0">
  <testcase name="ValidaStockB2B" time="13.116" classname="com.tests.GSCLOG3705"/>
</testsuite> <!-- com.tests.GSCLOG3705 -->
