<?xml version="1.0" encoding="UTF-8"?>
<!-- Generated by org.testng.reporters.JUnitReportReporter -->
<testsuite skipped="0" hostname="MacBook-Pro-de-mOi.local" name="com.tests.Case004" tests="1" failures="0" timestamp="22 Mar 2021 21:35:44 GMT" time="18.732" errors="0">
  <testcase name="DivisiÃ³nPorComa" time="18.732" classname="com.tests.Case004"/>
</testsuite> <!-- com.tests.Case004 -->
