<?xml version="1.0" encoding="UTF-8"?>
<!-- Generated by org.testng.reporters.JUnitReportReporter -->
<testsuite skipped="0" hostname="MacBook-Pro-de-mOi.local" name="com.tests.DivisionTest" tests="1" failures="0" timestamp="22 Mar 2021 18:15:17 GMT" time="16.759" errors="0">
  <testcase name="sumaNumeros" time="16.759" classname="com.tests.DivisionTest"/>
</testsuite> <!-- com.tests.DivisionTest -->
