<?xml version="1.0" encoding="UTF-8"?>
<!-- Generated by org.testng.reporters.JUnitReportReporter -->
<testsuite skipped="0" hostname="MacBook-Pro-de-mOi.local" name="com.tests.Case003" tests="1" failures="0" timestamp="22 Mar 2021 20:35:49 GMT" time="81.082" errors="0">
  <testcase name="MultiplicaciÃ³n" time="81.082" classname="com.tests.Case003"/>
</testsuite> <!-- com.tests.Case003 -->
