<?xml version="1.0" encoding="UTF-8"?>
<!-- Generated by org.testng.reporters.JUnitReportReporter -->
<testsuite skipped="0" hostname="MacBook-Pro-de-mOi.local" name="com.tests.SumaSimple" tests="1" failures="0" timestamp="22 Mar 2021 18:15:52 GMT" time="17.387" errors="0">
  <testcase name="sumaNumeros" time="17.387" classname="com.tests.SumaSimple"/>
</testsuite> <!-- com.tests.SumaSimple -->
