<?xml version="1.0" encoding="UTF-8"?>
<!-- Generated by org.testng.reporters.JUnitReportReporter -->
<testsuite skipped="0" hostname="MacBook-Pro-de-mOi.local" name="com.tests.Case001" tests="1" failures="0" timestamp="22 Mar 2021 20:32:14 GMT" time="20.230" errors="0">
  <testcase name="DivisiÃ³n" time="20.230" classname="com.tests.Case001"/>
</testsuite> <!-- com.tests.Case001 -->
