<?xml version="1.0" encoding="UTF-8"?>
<!-- Generated by org.testng.reporters.JUnitReportReporter -->
<testsuite skipped="0" hostname="MacBook-Pro-de-mOi.local" name="com.tests.Case005" tests="1" failures="0" timestamp="22 Mar 2021 21:11:31 GMT" time="37.110" errors="0">
  <testcase name="SucecionOperaciones" time="37.110" classname="com.tests.Case005"/>
</testsuite> <!-- com.tests.Case005 -->
