<?xml version="1.0" encoding="UTF-8"?>
<!-- Generated by org.testng.reporters.JUnitReportReporter -->
<testsuite skipped="0" hostname="MacBook-Pro-de-mOi.local" name="com.tests.Case002" tests="1" failures="0" timestamp="22 Mar 2021 20:31:41 GMT" time="18.939" errors="0">
  <testcase name="sumaNumeros" time="18.939" classname="com.tests.Case002"/>
</testsuite> <!-- com.tests.Case002 -->
